# JRE version: Java(TM) SE Runtime Environment (8.0_151-b12) (build 1.8.0_151-b12)
# Java VM: Java HotSpot(TM) 64-Bit Server VM (25.151-b12 mixed mode windows-amd64 compressed oops)
Heap:
 PSYoungGen      total 1085440K, used 350745K [0x000000076ae00000, 0x00000007c0000000, 0x00000007c0000000)
  eden space 922624K, 20% used [0x000000076ae00000,0x00000007765e2690,0x00000007a3300000)
  from space 162816K, 99% used [0x00000007a3300000,0x00000007ad1a4140,0x00000007ad200000)
  to   space 242688K, 0% used [0x00000007b1300000,0x00000007b1300000,0x00000007c0000000)
 ParOldGen       total 728576K, used 139174K [0x00000006c0a00000, 0x00000006ed180000, 0x000000076ae00000)
  object space 728576K, 19% used [0x00000006c0a00000,0x00000006c91e9970,0x00000006ed180000)
 Metaspace       used 11879K, capacity 12080K, committed 12288K, reserved 1060864K
  class space    used 1322K, capacity 1410K, committed 1536K, reserved 1048576K
GC Heap History (10 events):
Event: 27.921 GC heap before
{Heap before GC invocations=49 (full 20):
 PSYoungGen      total 1209344K, used 1153498K [0x000000076ae00000, 0x00000007c0000000, 0x00000007c0000000)
  eden space 1034240K, 99% used [0x000000076ae00000,0x00000007a9f74888,0x00000007aa000000)
  from space 175104K, 68% used [0x00000007b5500000,0x00000007bca02130,0x00000007c0000000)
  to   space 180224K, 0% used [0x00000007aa000000,0x00000007aa000000,0x00000007b5000000)
 ParOldGen       total 728576K, used 138936K [0x00000006c0a00000, 0x00000006ed180000, 0x000000076ae00000)
  object space 728576K, 19% used [0x00000006c0a00000,0x00000006c91ae0a0,0x00000006ed180000)
 Metaspace       used 11822K, capacity 12016K, committed 12288K, reserved 1060864K
  class space    used 1322K, capacity 1410K, committed 1536K, reserved 1048576K
Event: 27.931 GC heap after
Heap after GC invocations=49 (full 20):
 PSYoungGen      total 1171456K, used 136864K [0x000000076ae00000, 0x00000007c0000000, 0x00000007c0000000)
  eden space 1034240K, 0% used [0x000000076ae00000,0x000000076ae00000,0x00000007aa000000)
  from space 137216K, 99% used [0x00000007aa000000,0x00000007b25a8160,0x00000007b2600000)
  to   space 190464K, 0% used [0x00000007b4600000,0x00000007b4600000,0x00000007c0000000)
 ParOldGen       total 728576K, used 138936K [0x00000006c0a00000, 0x00000006ed180000, 0x000000076ae00000)
  object space 728576K, 19% used [0x00000006c0a00000,0x00000006c91ae0a0,0x00000006ed180000)
 Metaspace       used 11822K, capacity 12016K, committed 12288K, reserved 1060864K
  class space    used 1322K, capacity 1410K, committed 1536K, reserved 1048576K
}
Event: 29.109 GC heap before
{Heap before GC invocations=50 (full 20):
 PSYoungGen      total 1171456K, used 1171104K [0x000000076ae00000, 0x00000007c0000000, 0x00000007c0000000)
  eden space 1034240K, 100% used [0x000000076ae00000,0x00000007aa000000,0x00000007aa000000)
  from space 137216K, 99% used [0x00000007aa000000,0x00000007b25a8160,0x00000007b2600000)
  to   space 190464K, 0% used [0x00000007b4600000,0x00000007b4600000,0x00000007c0000000)
 ParOldGen       total 728576K, used 139118K [0x00000006c0a00000, 0x00000006ed180000, 0x000000076ae00000)
  object space 728576K, 19% used [0x00000006c0a00000,0x00000006c91db970,0x00000006ed180000)
 Metaspace       used 11822K, capacity 12016K, committed 12288K, reserved 1060864K
  class space    used 1322K, capacity 1410K, committed 1536K, reserved 1048576K
Event: 29.121 GC heap after
Heap after GC invocations=50 (full 20):
 PSYoungGen      total 1176576K, used 154380K [0x000000076ae00000, 0x00000007c0000000, 0x00000007c0000000)
  eden space 986112K, 0% used [0x000000076ae00000,0x000000076ae00000,0x00000007a7100000)
  from space 190464K, 81% used [0x00000007b4600000,0x00000007bdcc3130,0x00000007c0000000)
  to   space 204288K, 0% used [0x00000007a7100000,0x00000007a7100000,0x00000007b3880000)
 ParOldGen       total 728576K, used 139118K [0x00000006c0a00000, 0x00000006ed180000, 0x000000076ae00000)
  object space 728576K, 19% used [0x00000006c0a00000,0x00000006c91db970,0x00000006ed180000)
 Metaspace       used 11822K, capacity 12016K, committed 12288K, reserved 1060864K
  class space    used 1322K, capacity 1410K, committed 1536K, reserved 1048576K
}
Event: 30.187 GC heap before
{Heap before GC invocations=51 (full 20):
 PSYoungGen      total 1176576K, used 1140045K [0x000000076ae00000, 0x00000007c0000000, 0x00000007c0000000)
  eden space 986112K, 99% used [0x000000076ae00000,0x00000007a7090580,0x00000007a7100000)
  from space 190464K, 81% used [0x00000007b4600000,0x00000007bdcc3130,0x00000007c0000000)
  to   space 204288K, 0% used [0x00000007a7100000,0x00000007a7100000,0x00000007b3880000)
 ParOldGen       total 728576K, used 139118K [0x00000006c0a00000, 0x00000006ed180000, 0x000000076ae00000)
  object space 728576K, 19% used [0x00000006c0a00000,0x00000006c91db970,0x00000006ed180000)
 Metaspace       used 11823K, capacity 12016K, committed 12288K, reserved 1060864K
  class space    used 1322K, capacity 1410K, committed 1536K, reserved 1048576K
Event: 30.200 GC heap after
Heap after GC invocations=51 (full 20):
 PSYoungGen      total 1161216K, used 174756K [0x000000076ae00000, 0x00000007c0000000, 0x00000007c0000000)
  eden space 986112K, 0% used [0x000000076ae00000,0x000000076ae00000,0x00000007a7100000)
  from space 175104K, 99% used [0x00000007a7100000,0x00000007b1ba9180,0x00000007b1c00000)
  to   space 222720K, 0% used [0x00000007b2680000,0x00000007b2680000,0x00000007c0000000)
 ParOldGen       total 728576K, used 139126K [0x00000006c0a00000, 0x00000006ed180000, 0x000000076ae00000)
  object space 728576K, 19% used [0x00000006c0a00000,0x00000006c91dd970,0x00000006ed180000)
 Metaspace       used 11823K, capacity 12016K, committed 12288K, reserved 1060864K
  class space    used 1322K, capacity 1410K, committed 1536K, reserved 1048576K
}
Event: 31.304 GC heap before
{Heap before GC invocations=52 (full 20):
 PSYoungGen      total 1161216K, used 1160868K [0x000000076ae00000, 0x00000007c0000000, 0x00000007c0000000)
  eden space 986112K, 100% used [0x000000076ae00000,0x00000007a7100000,0x00000007a7100000)
  from space 175104K, 99% used [0x00000007a7100000,0x00000007b1ba9180,0x00000007b1c00000)
  to   space 222720K, 0% used [0x00000007b2680000,0x00000007b2680000,0x00000007c0000000)
 ParOldGen       total 728576K, used 139126K [0x00000006c0a00000, 0x00000006ed180000, 0x000000076ae00000)
  object space 728576K, 19% used [0x00000006c0a00000,0x00000006c91dd970,0x00000006ed180000)
 Metaspace       used 11827K, capacity 12016K, committed 12288K, reserved 1060864K
  class space    used 1322K, capacity 1410K, committed 1536K, reserved 1048576K
Event: 31.317 GC heap after
Heap after GC invocations=52 (full 20):
 PSYoungGen      total 1145344K, used 170548K [0x000000076ae00000, 0x00000007c0000000, 0x00000007c0000000)
  eden space 922624K, 0% used [0x000000076ae00000,0x000000076ae00000,0x00000007a3300000)
  from space 222720K, 76% used [0x00000007b2680000,0x00000007bcd0d150,0x00000007c0000000)
  to   space 236032K, 0% used [0x00000007a3300000,0x00000007a3300000,0x00000007b1980000)
 ParOldGen       total 728576K, used 139142K [0x00000006c0a00000, 0x00000006ed180000, 0x000000076ae00000)
  object space 728576K, 19% used [0x00000006c0a00000,0x00000006c91e1970,0x00000006ed180000)
 Metaspace       used 11827K, capacity 12016K, committed 12288K, reserved 1060864K
  class space    used 1322K, capacity 1410K, committed 1536K, reserved 1048576K
}
Event: 32.372 GC heap before
{Heap before GC invocations=53 (full 20):
 PSYoungGen      total 1145344K, used 1093172K [0x000000076ae00000, 0x00000007c0000000, 0x00000007c0000000)
  eden space 922624K, 100% used [0x000000076ae00000,0x00000007a3300000,0x00000007a3300000)
  from space 222720K, 76% used [0x00000007b2680000,0x00000007bcd0d150,0x00000007c0000000)
  to   space 236032K, 0% used [0x00000007a3300000,0x00000007a3300000,0x00000007b1980000)
 ParOldGen       total 728576K, used 139142K [0x00000006c0a00000, 0x00000006ed180000, 0x000000076ae00000)
  object space 728576K, 19% used [0x00000006c0a00000,0x00000006c91e1970,0x00000006ed180000)
 Metaspace       used 11878K, capacity 12080K, committed 12288K, reserved 1060864K
  class space    used 1322K, capacity 1410K, committed 1536K, reserved 1048576K
Event: 32.385 GC heap after
Heap after GC invocations=53 (full 20):
 PSYoungGen      total 1085440K, used 162448K [0x000000076ae00000, 0x00000007c0000000, 0x00000007c0000000)
  eden space 922624K, 0% used [0x000000076ae00000,0x000000076ae00000,0x00000007a3300000)
  from space 162816K, 99% used [0x00000007a3300000,0x00000007ad1a4140,0x00000007ad200000)
  to   space 242688K, 0% used [0x00000007b1300000,0x00000007b1300000,0x00000007c0000000)
 ParOldGen       total 728576K, used 139174K [0x00000006c0a00000, 0x00000006ed180000, 0x000000076ae00000)
  object space 728576K, 19% used [0x00000006c0a00000,0x00000006c91e9970,0x00000006ed180000)
 Metaspace       used 11878K, capacity 12080K, committed 12288K, reserved 1060864K
  class space    used 1322K, capacity 1410K, committed 1536K, reserved 1048576K
}

