# JRE version: Java(TM) SE Runtime Environment (8.0_151-b12) (build 1.8.0_151-b12)
# Java VM: Java HotSpot(TM) 64-Bit Server VM (25.151-b12 mixed mode windows-amd64 compressed oops)
Heap:
 PSYoungGen      total 1234944K, used 741255K [0x000000076ae00000, 0x00000007c0000000, 0x00000007c0000000)
  eden space 1161216K, 57% used [0x000000076ae00000,0x00000007939f8c68,0x00000007b1c00000)
  from space 73728K, 99% used [0x00000007b1c00000,0x00000007b63e9090,0x00000007b6400000)
  to   space 119296K, 0% used [0x00000007b8b80000,0x00000007b8b80000,0x00000007c0000000)
 ParOldGen       total 685568K, used 275515K [0x00000006c0a00000, 0x00000006ea780000, 0x000000076ae00000)
  object space 685568K, 40% used [0x00000006c0a00000,0x00000006d170ef10,0x00000006ea780000)
 Metaspace       used 11927K, capacity 12132K, committed 12544K, reserved 1060864K
  class space    used 1320K, capacity 1410K, committed 1536K, reserved 1048576K
GC Heap History (10 events):
Event: 30.669 GC heap before
{Heap before GC invocations=60 (full 19):
 PSYoungGen      total 1302016K, used 1267076K [0x000000076ae00000, 0x00000007bfe80000, 0x00000007c0000000)
  eden space 1214976K, 100% used [0x000000076ae00000,0x00000007b5080000,0x00000007b5080000)
  from space 87040K, 59% used [0x00000007ba980000,0x00000007bdc61090,0x00000007bfe80000)
  to   space 89088K, 0% used [0x00000007b5080000,0x00000007b5080000,0x00000007ba780000)
 ParOldGen       total 685568K, used 275515K [0x00000006c0a00000, 0x00000006ea780000, 0x000000076ae00000)
  object space 685568K, 40% used [0x00000006c0a00000,0x00000006d170ef10,0x00000006ea780000)
 Metaspace       used 11927K, capacity 12132K, committed 12544K, reserved 1060864K
  class space    used 1320K, capacity 1410K, committed 1536K, reserved 1048576K
Event: 30.673 GC heap after
Heap after GC invocations=60 (full 19):
 PSYoungGen      total 1304064K, used 49336K [0x000000076ae00000, 0x00000007c0000000, 0x00000007c0000000)
  eden space 1214976K, 0% used [0x000000076ae00000,0x000000076ae00000,0x00000007b5080000)
  from space 89088K, 55% used [0x00000007b5080000,0x00000007b80ae060,0x00000007ba780000)
  to   space 89088K, 0% used [0x00000007ba900000,0x00000007ba900000,0x00000007c0000000)
 ParOldGen       total 685568K, used 275515K [0x00000006c0a00000, 0x00000006ea780000, 0x000000076ae00000)
  object space 685568K, 40% used [0x00000006c0a00000,0x00000006d170ef10,0x00000006ea780000)
 Metaspace       used 11927K, capacity 12132K, committed 12544K, reserved 1060864K
  class space    used 1320K, capacity 1410K, committed 1536K, reserved 1048576K
}
Event: 31.444 GC heap before
{Heap before GC invocations=61 (full 19):
 PSYoungGen      total 1304064K, used 1264312K [0x000000076ae00000, 0x00000007c0000000, 0x00000007c0000000)
  eden space 1214976K, 100% used [0x000000076ae00000,0x00000007b5080000,0x00000007b5080000)
  from space 89088K, 55% used [0x00000007b5080000,0x00000007b80ae060,0x00000007ba780000)
  to   space 89088K, 0% used [0x00000007ba900000,0x00000007ba900000,0x00000007c0000000)
 ParOldGen       total 685568K, used 275515K [0x00000006c0a00000, 0x00000006ea780000, 0x000000076ae00000)
  object space 685568K, 40% used [0x00000006c0a00000,0x00000006d170ef10,0x00000006ea780000)
 Metaspace       used 11927K, capacity 12132K, committed 12544K, reserved 1060864K
  class space    used 1320K, capacity 1410K, committed 1536K, reserved 1048576K
Event: 31.451 GC heap after
Heap after GC invocations=61 (full 19):
 PSYoungGen      total 1288192K, used 73732K [0x000000076ae00000, 0x00000007c0000000, 0x00000007c0000000)
  eden space 1199104K, 0% used [0x000000076ae00000,0x000000076ae00000,0x00000007b4100000)
  from space 89088K, 82% used [0x00000007ba900000,0x00000007bf101090,0x00000007c0000000)
  to   space 97792K, 0% used [0x00000007b4100000,0x00000007b4100000,0x00000007ba080000)
 ParOldGen       total 685568K, used 275515K [0x00000006c0a00000, 0x00000006ea780000, 0x000000076ae00000)
  object space 685568K, 40% used [0x00000006c0a00000,0x00000006d170ef10,0x00000006ea780000)
 Metaspace       used 11927K, capacity 12132K, committed 12544K, reserved 1060864K
  class space    used 1320K, capacity 1410K, committed 1536K, reserved 1048576K
}
Event: 32.201 GC heap before
{Heap before GC invocations=62 (full 19):
 PSYoungGen      total 1288192K, used 1265146K [0x000000076ae00000, 0x00000007c0000000, 0x00000007c0000000)
  eden space 1199104K, 99% used [0x000000076ae00000,0x00000007b397d9e0,0x00000007b4100000)
  from space 89088K, 82% used [0x00000007ba900000,0x00000007bf101090,0x00000007c0000000)
  to   space 97792K, 0% used [0x00000007b4100000,0x00000007b4100000,0x00000007ba080000)
 ParOldGen       total 685568K, used 275515K [0x00000006c0a00000, 0x00000006ea780000, 0x000000076ae00000)
  object space 685568K, 40% used [0x00000006c0a00000,0x00000006d170ef10,0x00000006ea780000)
 Metaspace       used 11927K, capacity 12132K, committed 12544K, reserved 1060864K
  class space    used 1320K, capacity 1410K, committed 1536K, reserved 1048576K
Event: 32.210 GC heap after
Heap after GC invocations=62 (full 19):
 PSYoungGen      total 1295872K, used 96684K [0x000000076ae00000, 0x00000007c0000000, 0x00000007c0000000)
  eden space 1199104K, 0% used [0x000000076ae00000,0x000000076ae00000,0x00000007b4100000)
  from space 96768K, 99% used [0x00000007b4100000,0x00000007b9f6b110,0x00000007b9f80000)
  to   space 98816K, 0% used [0x00000007b9f80000,0x00000007b9f80000,0x00000007c0000000)
 ParOldGen       total 685568K, used 275515K [0x00000006c0a00000, 0x00000006ea780000, 0x000000076ae00000)
  object space 685568K, 40% used [0x00000006c0a00000,0x00000006d170ef10,0x00000006ea780000)
 Metaspace       used 11927K, capacity 12132K, committed 12544K, reserved 1060864K
  class space    used 1320K, capacity 1410K, committed 1536K, reserved 1048576K
}
Event: 32.963 GC heap before
{Heap before GC invocations=63 (full 19):
 PSYoungGen      total 1295872K, used 1295788K [0x000000076ae00000, 0x00000007c0000000, 0x00000007c0000000)
  eden space 1199104K, 100% used [0x000000076ae00000,0x00000007b4100000,0x00000007b4100000)
  from space 96768K, 99% used [0x00000007b4100000,0x00000007b9f6b110,0x00000007b9f80000)
  to   space 98816K, 0% used [0x00000007b9f80000,0x00000007b9f80000,0x00000007c0000000)
 ParOldGen       total 685568K, used 275515K [0x00000006c0a00000, 0x00000006ea780000, 0x000000076ae00000)
  object space 685568K, 40% used [0x00000006c0a00000,0x00000006d170ef10,0x00000006ea780000)
 Metaspace       used 11927K, capacity 12132K, committed 12544K, reserved 1060864K
  class space    used 1320K, capacity 1410K, committed 1536K, reserved 1048576K
Event: 32.969 GC heap after
Heap after GC invocations=63 (full 19):
 PSYoungGen      total 1260032K, used 73700K [0x000000076ae00000, 0x00000007c0000000, 0x00000007c0000000)
  eden space 1161216K, 0% used [0x000000076ae00000,0x000000076ae00000,0x00000007b1c00000)
  from space 98816K, 74% used [0x00000007b9f80000,0x00000007be779090,0x00000007c0000000)
  to   space 116736K, 0% used [0x00000007b1c00000,0x00000007b1c00000,0x00000007b8e00000)
 ParOldGen       total 685568K, used 275515K [0x00000006c0a00000, 0x00000006ea780000, 0x000000076ae00000)
  object space 685568K, 40% used [0x00000006c0a00000,0x00000006d170ef10,0x00000006ea780000)
 Metaspace       used 11927K, capacity 12132K, committed 12544K, reserved 1060864K
  class space    used 1320K, capacity 1410K, committed 1536K, reserved 1048576K
}
Event: 33.707 GC heap before
{Heap before GC invocations=64 (full 19):
 PSYoungGen      total 1260032K, used 1232059K [0x000000076ae00000, 0x00000007c0000000, 0x00000007c0000000)
  eden space 1161216K, 99% used [0x000000076ae00000,0x00000007b1935b80,0x00000007b1c00000)
  from space 98816K, 74% used [0x00000007b9f80000,0x00000007be779090,0x00000007c0000000)
  to   space 116736K, 0% used [0x00000007b1c00000,0x00000007b1c00000,0x00000007b8e00000)
 ParOldGen       total 685568K, used 275515K [0x00000006c0a00000, 0x00000006ea780000, 0x000000076ae00000)
  object space 685568K, 40% used [0x00000006c0a00000,0x00000006d170ef10,0x00000006ea780000)
 Metaspace       used 11927K, capacity 12132K, committed 12544K, reserved 1060864K
  class space    used 1320K, capacity 1410K, committed 1536K, reserved 1048576K
Event: 33.717 GC heap after
Heap after GC invocations=64 (full 19):
 PSYoungGen      total 1234944K, used 73636K [0x000000076ae00000, 0x00000007c0000000, 0x00000007c0000000)
  eden space 1161216K, 0% used [0x000000076ae00000,0x000000076ae00000,0x00000007b1c00000)
  from space 73728K, 99% used [0x00000007b1c00000,0x00000007b63e9090,0x00000007b6400000)
  to   space 119296K, 0% used [0x00000007b8b80000,0x00000007b8b80000,0x00000007c0000000)
 ParOldGen       total 685568K, used 275515K [0x00000006c0a00000, 0x00000006ea780000, 0x000000076ae00000)
  object space 685568K, 40% used [0x00000006c0a00000,0x00000006d170ef10,0x00000006ea780000)
 Metaspace       used 11927K, capacity 12132K, committed 12544K, reserved 1060864K
  class space    used 1320K, capacity 1410K, committed 1536K, reserved 1048576K
}

