# JRE version: Java(TM) SE Runtime Environment (8.0_151-b12) (build 1.8.0_151-b12)
# Java VM: Java HotSpot(TM) 64-Bit Server VM (25.151-b12 mixed mode windows-amd64 compressed oops)
Heap:
 PSYoungGen      total 272896K, used 12822K [0x000000076ae00000, 0x000000077c300000, 0x00000007c0000000)
  eden space 262144K, 3% used [0x000000076ae00000,0x000000076b5e9010,0x000000077ae00000)
  from space 10752K, 43% used [0x000000077b880000,0x000000077bd1c820,0x000000077c300000)
  to   space 10752K, 0% used [0x000000077ae00000,0x000000077ae00000,0x000000077b880000)
 ParOldGen       total 175104K, used 109964K [0x00000006c0a00000, 0x00000006cb500000, 0x000000076ae00000)
  object space 175104K, 62% used [0x00000006c0a00000,0x00000006c75633c8,0x00000006cb500000)
 Metaspace       used 9841K, capacity 10056K, committed 10240K, reserved 1058816K
  class space    used 1155K, capacity 1258K, committed 1280K, reserved 1048576K
GC Heap History (8 events):
Event: 0.310 GC heap before
{Heap before GC invocations=1 (full 0):
 PSYoungGen      total 76288K, used 64812K [0x000000076ae00000, 0x0000000770300000, 0x00000007c0000000)
  eden space 65536K, 98% used [0x000000076ae00000,0x000000076ed4b2b0,0x000000076ee00000)
  from space 10752K, 0% used [0x000000076f880000,0x000000076f880000,0x0000000770300000)
  to   space 10752K, 0% used [0x000000076ee00000,0x000000076ee00000,0x000000076f880000)
 ParOldGen       total 175104K, used 0K [0x00000006c0a00000, 0x00000006cb500000, 0x000000076ae00000)
  object space 175104K, 0% used [0x00000006c0a00000,0x00000006c0a00000,0x00000006cb500000)
 Metaspace       used 7482K, capacity 7612K, committed 7936K, reserved 1056768K
  class space    used 843K, capacity 898K, committed 1024K, reserved 1048576K
Event: 0.331 GC heap after
Heap after GC invocations=1 (full 0):
 PSYoungGen      total 76288K, used 10740K [0x000000076ae00000, 0x0000000774300000, 0x00000007c0000000)
  eden space 65536K, 0% used [0x000000076ae00000,0x000000076ae00000,0x000000076ee00000)
  from space 10752K, 99% used [0x000000076ee00000,0x000000076f87d040,0x000000076f880000)
  to   space 10752K, 0% used [0x0000000773880000,0x0000000773880000,0x0000000774300000)
 ParOldGen       total 175104K, used 48886K [0x00000006c0a00000, 0x00000006cb500000, 0x000000076ae00000)
  object space 175104K, 27% used [0x00000006c0a00000,0x00000006c39bd8b0,0x00000006cb500000)
 Metaspace       used 7482K, capacity 7612K, committed 7936K, reserved 1056768K
  class space    used 843K, capacity 898K, committed 1024K, reserved 1048576K
}
Event: 1.826 GC heap before
{Heap before GC invocations=2 (full 0):
 PSYoungGen      total 76288K, used 71028K [0x000000076ae00000, 0x0000000774300000, 0x00000007c0000000)
  eden space 65536K, 91% used [0x000000076ae00000,0x000000076e8dffd8,0x000000076ee00000)
  from space 10752K, 99% used [0x000000076ee00000,0x000000076f87d040,0x000000076f880000)
  to   space 10752K, 0% used [0x0000000773880000,0x0000000773880000,0x0000000774300000)
 ParOldGen       total 175104K, used 48886K [0x00000006c0a00000, 0x00000006cb500000, 0x000000076ae00000)
  object space 175104K, 27% used [0x00000006c0a00000,0x00000006c39bd8b0,0x00000006cb500000)
 Metaspace       used 9805K, capacity 9986K, committed 10240K, reserved 1058816K
  class space    used 1152K, capacity 1257K, committed 1280K, reserved 1048576K
Event: 1.839 GC heap after
Heap after GC invocations=2 (full 0):
 PSYoungGen      total 141824K, used 10671K [0x000000076ae00000, 0x0000000774300000, 0x00000007c0000000)
  eden space 131072K, 0% used [0x000000076ae00000,0x000000076ae00000,0x0000000772e00000)
  from space 10752K, 99% used [0x0000000773880000,0x00000007742ebdc8,0x0000000774300000)
  to   space 10752K, 0% used [0x0000000772e00000,0x0000000772e00000,0x0000000773880000)
 ParOldGen       total 175104K, used 72843K [0x00000006c0a00000, 0x00000006cb500000, 0x000000076ae00000)
  object space 175104K, 41% used [0x00000006c0a00000,0x00000006c5122d70,0x00000006cb500000)
 Metaspace       used 9805K, capacity 9986K, committed 10240K, reserved 1058816K
  class space    used 1152K, capacity 1257K, committed 1280K, reserved 1048576K
}
Event: 2.134 GC heap before
{Heap before GC invocations=3 (full 0):
 PSYoungGen      total 141824K, used 141098K [0x000000076ae00000, 0x0000000774300000, 0x00000007c0000000)
  eden space 131072K, 99% used [0x000000076ae00000,0x0000000772d5ec88,0x0000000772e00000)
  from space 10752K, 99% used [0x0000000773880000,0x00000007742ebdc8,0x0000000774300000)
  to   space 10752K, 0% used [0x0000000772e00000,0x0000000772e00000,0x0000000773880000)
 ParOldGen       total 175104K, used 72843K [0x00000006c0a00000, 0x00000006cb500000, 0x000000076ae00000)
  object space 175104K, 41% used [0x00000006c0a00000,0x00000006c5122d70,0x00000006cb500000)
 Metaspace       used 9811K, capacity 9986K, committed 10240K, reserved 1058816K
  class space    used 1152K, capacity 1257K, committed 1280K, reserved 1048576K
Event: 2.144 GC heap after
Heap after GC invocations=3 (full 0):
 PSYoungGen      total 141824K, used 10733K [0x000000076ae00000, 0x000000077c300000, 0x00000007c0000000)
  eden space 131072K, 0% used [0x000000076ae00000,0x000000076ae00000,0x0000000772e00000)
  from space 10752K, 99% used [0x0000000772e00000,0x000000077387b440,0x0000000773880000)
  to   space 10752K, 0% used [0x000000077b880000,0x000000077b880000,0x000000077c300000)
 ParOldGen       total 175104K, used 85664K [0x00000006c0a00000, 0x00000006cb500000, 0x000000076ae00000)
  object space 175104K, 48% used [0x00000006c0a00000,0x00000006c5da8398,0x00000006cb500000)
 Metaspace       used 9811K, capacity 9986K, committed 10240K, reserved 1058816K
  class space    used 1152K, capacity 1257K, committed 1280K, reserved 1048576K
}
Event: 2.217 GC heap before
{Heap before GC invocations=4 (full 0):
 PSYoungGen      total 141824K, used 139749K [0x000000076ae00000, 0x000000077c300000, 0x00000007c0000000)
  eden space 131072K, 98% used [0x000000076ae00000,0x0000000772bfe058,0x0000000772e00000)
  from space 10752K, 99% used [0x0000000772e00000,0x000000077387b440,0x0000000773880000)
  to   space 10752K, 0% used [0x000000077b880000,0x000000077b880000,0x000000077c300000)
 ParOldGen       total 175104K, used 85664K [0x00000006c0a00000, 0x00000006cb500000, 0x000000076ae00000)
  object space 175104K, 48% used [0x00000006c0a00000,0x00000006c5da8398,0x00000006cb500000)
 Metaspace       used 9841K, capacity 10056K, committed 10240K, reserved 1058816K
  class space    used 1155K, capacity 1258K, committed 1280K, reserved 1048576K
Event: 2.227 GC heap after
Heap after GC invocations=4 (full 0):
 PSYoungGen      total 272896K, used 4722K [0x000000076ae00000, 0x000000077c300000, 0x00000007c0000000)
  eden space 262144K, 0% used [0x000000076ae00000,0x000000076ae00000,0x000000077ae00000)
  from space 10752K, 43% used [0x000000077b880000,0x000000077bd1c820,0x000000077c300000)
  to   space 10752K, 0% used [0x000000077ae00000,0x000000077ae00000,0x000000077b880000)
 ParOldGen       total 175104K, used 109964K [0x00000006c0a00000, 0x00000006cb500000, 0x000000076ae00000)
  object space 175104K, 62% used [0x00000006c0a00000,0x00000006c75633c8,0x00000006cb500000)
 Metaspace       used 9841K, capacity 10056K, committed 10240K, reserved 1058816K
  class space    used 1155K, capacity 1258K, committed 1280K, reserved 1048576K
}

