# JRE version: Java(TM) SE Runtime Environment (8.0_151-b12) (build 1.8.0_151-b12)
# Java VM: Java HotSpot(TM) 64-Bit Server VM (25.151-b12 mixed mode windows-amd64 compressed oops)
Heap:
 PSYoungGen      total 1306624K, used 254239K [0x000000076ae00000, 0x00000007bf780000, 0x00000007c0000000)
  eden space 1225728K, 18% used [0x000000076ae00000,0x000000077879dd00,0x00000007b5b00000)
  from space 80896K, 38% used [0x00000007b5b00000,0x00000007b79aa0a0,0x00000007baa00000)
  to   space 76288K, 0% used [0x00000007bad00000,0x00000007bad00000,0x00000007bf780000)
 ParOldGen       total 870400K, used 687651K [0x00000006c0a00000, 0x00000006f5c00000, 0x000000076ae00000)
  object space 870400K, 79% used [0x00000006c0a00000,0x00000006ea988c40,0x00000006f5c00000)
 Metaspace       used 11985K, capacity 12200K, committed 12544K, reserved 1060864K
  class space    used 1323K, capacity 1410K, committed 1536K, reserved 1048576K
GC Heap History (10 events):
Event: 28.464 GC heap before
{Heap before GC invocations=61 (full 22):
 PSYoungGen      total 1282560K, used 1218820K [0x000000076ae00000, 0x00000007bed00000, 0x00000007c0000000)
  eden space 1188352K, 100% used [0x000000076ae00000,0x00000007b3680000,0x00000007b3680000)
  from space 94208K, 32% used [0x00000007b9100000,0x00000007baec1090,0x00000007bed00000)
  to   space 92672K, 0% used [0x00000007b3680000,0x00000007b3680000,0x00000007b9100000)
 ParOldGen       total 870400K, used 615196K [0x00000006c0a00000, 0x00000006f5c00000, 0x000000076ae00000)
  object space 870400K, 70% used [0x00000006c0a00000,0x00000006e62c7320,0x00000006f5c00000)
 Metaspace       used 11947K, capacity 12136K, committed 12544K, reserved 1060864K
  class space    used 1323K, capacity 1410K, committed 1536K, reserved 1048576K
Event: 28.468 GC heap after
Heap after GC invocations=61 (full 22):
 PSYoungGen      total 1281024K, used 31272K [0x000000076ae00000, 0x00000007bf280000, 0x00000007c0000000)
  eden space 1188352K, 0% used [0x000000076ae00000,0x000000076ae00000,0x00000007b3680000)
  from space 92672K, 33% used [0x00000007b3680000,0x00000007b550a0a0,0x00000007b9100000)
  to   space 86528K, 0% used [0x00000007b9e00000,0x00000007b9e00000,0x00000007bf280000)
 ParOldGen       total 870400K, used 615204K [0x00000006c0a00000, 0x00000006f5c00000, 0x000000076ae00000)
  object space 870400K, 70% used [0x00000006c0a00000,0x00000006e62c9320,0x00000006f5c00000)
 Metaspace       used 11947K, capacity 12136K, committed 12544K, reserved 1060864K
  class space    used 1323K, capacity 1410K, committed 1536K, reserved 1048576K
}
Event: 29.201 GC heap before
{Heap before GC invocations=62 (full 22):
 PSYoungGen      total 1281024K, used 1219624K [0x000000076ae00000, 0x00000007bf280000, 0x00000007c0000000)
  eden space 1188352K, 100% used [0x000000076ae00000,0x00000007b3680000,0x00000007b3680000)
  from space 92672K, 33% used [0x00000007b3680000,0x00000007b550a0a0,0x00000007b9100000)
  to   space 86528K, 0% used [0x00000007b9e00000,0x00000007b9e00000,0x00000007bf280000)
 ParOldGen       total 870400K, used 616052K [0x00000006c0a00000, 0x00000006f5c00000, 0x000000076ae00000)
  object space 870400K, 70% used [0x00000006c0a00000,0x00000006e639d330,0x00000006f5c00000)
 Metaspace       used 11947K, capacity 12136K, committed 12544K, reserved 1060864K
  class space    used 1323K, capacity 1410K, committed 1536K, reserved 1048576K
Event: 29.205 GC heap after
Heap after GC invocations=62 (full 22):
 PSYoungGen      total 1295872K, used 42136K [0x000000076ae00000, 0x00000007bf700000, 0x00000007c0000000)
  eden space 1209344K, 0% used [0x000000076ae00000,0x000000076ae00000,0x00000007b4b00000)
  from space 86528K, 48% used [0x00000007b9e00000,0x00000007bc7260e0,0x00000007bf280000)
  to   space 84992K, 0% used [0x00000007b4b00000,0x00000007b4b00000,0x00000007b9e00000)
 ParOldGen       total 870400K, used 616060K [0x00000006c0a00000, 0x00000006f5c00000, 0x000000076ae00000)
  object space 870400K, 70% used [0x00000006c0a00000,0x00000006e639f330,0x00000006f5c00000)
 Metaspace       used 11947K, capacity 12136K, committed 12544K, reserved 1060864K
  class space    used 1323K, capacity 1410K, committed 1536K, reserved 1048576K
}
Event: 29.969 GC heap before
{Heap before GC invocations=63 (full 22):
 PSYoungGen      total 1295872K, used 1251480K [0x000000076ae00000, 0x00000007bf700000, 0x00000007c0000000)
  eden space 1209344K, 100% used [0x000000076ae00000,0x00000007b4b00000,0x00000007b4b00000)
  from space 86528K, 48% used [0x00000007b9e00000,0x00000007bc7260e0,0x00000007bf280000)
  to   space 84992K, 0% used [0x00000007b4b00000,0x00000007b4b00000,0x00000007b9e00000)
 ParOldGen       total 870400K, used 640364K [0x00000006c0a00000, 0x00000006f5c00000, 0x000000076ae00000)
  object space 870400K, 73% used [0x00000006c0a00000,0x00000006e7b5b140,0x00000006f5c00000)
 Metaspace       used 11947K, capacity 12136K, committed 12544K, reserved 1060864K
  class space    used 1323K, capacity 1410K, committed 1536K, reserved 1048576K
Event: 29.971 GC heap after
Heap after GC invocations=63 (full 22):
 PSYoungGen      total 1294336K, used 8032K [0x000000076ae00000, 0x00000007bfc80000, 0x00000007c0000000)
  eden space 1209344K, 0% used [0x000000076ae00000,0x000000076ae00000,0x00000007b4b00000)
  from space 84992K, 9% used [0x00000007b4b00000,0x00000007b52d8080,0x00000007b9e00000)
  to   space 83968K, 0% used [0x00000007baa80000,0x00000007baa80000,0x00000007bfc80000)
 ParOldGen       total 870400K, used 640364K [0x00000006c0a00000, 0x00000006f5c00000, 0x000000076ae00000)
  object space 870400K, 73% used [0x00000006c0a00000,0x00000006e7b5b140,0x00000006f5c00000)
 Metaspace       used 11947K, capacity 12136K, committed 12544K, reserved 1060864K
  class space    used 1323K, capacity 1410K, committed 1536K, reserved 1048576K
}
Event: 30.736 GC heap before
{Heap before GC invocations=64 (full 22):
 PSYoungGen      total 1294336K, used 1217186K [0x000000076ae00000, 0x00000007bfc80000, 0x00000007c0000000)
  eden space 1209344K, 99% used [0x000000076ae00000,0x00000007b4ad09e0,0x00000007b4b00000)
  from space 84992K, 9% used [0x00000007b4b00000,0x00000007b52d8080,0x00000007b9e00000)
  to   space 83968K, 0% used [0x00000007baa80000,0x00000007baa80000,0x00000007bfc80000)
 ParOldGen       total 870400K, used 648464K [0x00000006c0a00000, 0x00000006f5c00000, 0x000000076ae00000)
  object space 870400K, 74% used [0x00000006c0a00000,0x00000006e8344150,0x00000006f5c00000)
 Metaspace       used 11947K, capacity 12136K, committed 12544K, reserved 1060864K
  class space    used 1323K, capacity 1410K, committed 1536K, reserved 1048576K
Event: 30.739 GC heap after
Heap after GC invocations=64 (full 22):
 PSYoungGen      total 1306112K, used 36456K [0x000000076ae00000, 0x00000007bf900000, 0x00000007c0000000)
  eden space 1225728K, 0% used [0x000000076ae00000,0x000000076ae00000,0x00000007b5b00000)
  from space 80384K, 45% used [0x00000007baa80000,0x00000007bce1a0e0,0x00000007bf900000)
  to   space 80896K, 0% used [0x00000007b5b00000,0x00000007b5b00000,0x00000007baa00000)
 ParOldGen       total 870400K, used 648464K [0x00000006c0a00000, 0x00000006f5c00000, 0x000000076ae00000)
  object space 870400K, 74% used [0x00000006c0a00000,0x00000006e8344150,0x00000006f5c00000)
 Metaspace       used 11947K, capacity 12136K, committed 12544K, reserved 1060864K
  class space    used 1323K, capacity 1410K, committed 1536K, reserved 1048576K
}
Event: 31.544 GC heap before
{Heap before GC invocations=65 (full 22):
 PSYoungGen      total 1306112K, used 1262184K [0x000000076ae00000, 0x00000007bf900000, 0x00000007c0000000)
  eden space 1225728K, 100% used [0x000000076ae00000,0x00000007b5b00000,0x00000007b5b00000)
  from space 80384K, 45% used [0x00000007baa80000,0x00000007bce1a0e0,0x00000007bf900000)
  to   space 80896K, 0% used [0x00000007b5b00000,0x00000007b5b00000,0x00000007baa00000)
 ParOldGen       total 870400K, used 687651K [0x00000006c0a00000, 0x00000006f5c00000, 0x000000076ae00000)
  object space 870400K, 79% used [0x00000006c0a00000,0x00000006ea988c40,0x00000006f5c00000)
 Metaspace       used 11951K, capacity 12136K, committed 12544K, reserved 1060864K
  class space    used 1323K, capacity 1410K, committed 1536K, reserved 1048576K
Event: 31.547 GC heap after
Heap after GC invocations=65 (full 22):
 PSYoungGen      total 1306624K, used 31400K [0x000000076ae00000, 0x00000007bf780000, 0x00000007c0000000)
  eden space 1225728K, 0% used [0x000000076ae00000,0x000000076ae00000,0x00000007b5b00000)
  from space 80896K, 38% used [0x00000007b5b00000,0x00000007b79aa0a0,0x00000007baa00000)
  to   space 76288K, 0% used [0x00000007bad00000,0x00000007bad00000,0x00000007bf780000)
 ParOldGen       total 870400K, used 687651K [0x00000006c0a00000, 0x00000006f5c00000, 0x000000076ae00000)
  object space 870400K, 79% used [0x00000006c0a00000,0x00000006ea988c40,0x00000006f5c00000)
 Metaspace       used 11951K, capacity 12136K, committed 12544K, reserved 1060864K
  class space    used 1323K, capacity 1410K, committed 1536K, reserved 1048576K
}

